<?xml version="1.0" encoding="UTF-8"?>
<!-- Generated by org.testng.reporters.JUnitReportReporter -->
<testsuite hostname="LAPTOP-2P7ONLG1" failures="0" tests="4" name="com.rest.test.getResponse" time="2.758" errors="0" timestamp="2024-04-17T15:31:06 IST" skipped="0">
  <testcase classname="com.rest.test.getResponse" name="fetch_AED_price" time="0.176"/>
  <testcase classname="com.rest.test.getResponse" name="validate_response_json_schema" time="0.464"/>
  <testcase classname="com.rest.test.getResponse" name="verify_currency_pair_count" time="0.100"/>
  <testcase classname="com.rest.test.getResponse" name="checkStatusCode" time="2.018"/>
</testsuite> <!-- com.rest.test.getResponse -->
